{
  "RSpec": {
    "coverage": {
      "C:/work/employment_agency/app/helpers/application_helper.rb": [
        1,
        null
      ],
      "C:/work/employment_agency/app/controllers/api/applicants_controller.rb": [
        1,
        1,
        null,
        1,
        null,
        1,
        15,
        15,
        null,
        null,
        null,
        null
      ],
      "C:/work/employment_agency/app/controllers/api/base_controller.rb": [
        1,
        1,
        1,
        null,
        1,
        1,
        1,
        null,
        1,
        1,
        null,
        null,
        1,
        30,
        null,
        28,
        22,
        null,
        6,
        null,
        null,
        null,
        null,
        1,
        15,
        15,
        null,
        null,
        null,
        1,
        15,
        15,
        null,
        null,
        null,
        15,
        null,
        null,
        null,
        1,
        null,
        null,
        null,
        1,
        15,
        15,
        null,
        0,
        null,
        null,
        null,
        1,
        null,
        null,
        null,
        1,
        64,
        null,
        null,
        null,
        null,
        null,
        null,
        1,
        15,
        null,
        null,
        null,
        null,
        1,
        30,
        null,
        null,
        null,
        null,
        1,
        96,
        null,
        null,
        null,
        null,
        1,
        290,
        null,
        null,
        null,
        null,
        null,
        null,
        null,
        1,
        45,
        null,
        null,
        null,
        1,
        79,
        73,
        null,
        null,
        1,
        96,
        null,
        null,
        1,
        6,
        null,
        null,
        1,
        0,
        null,
        null,
        1,
        2,
        null,
        null,
        null
      ],
      "C:/work/employment_agency/app/controllers/application_controller.rb": [
        1,
        null,
        null,
        1,
        null
      ],
      "C:/work/employment_agency/app/controllers/api/skills_controller.rb": [
        1,
        1,
        null,
        1,
        null,
        1,
        15,
        null,
        null,
        null,
        null
      ],
      "C:/work/employment_agency/app/controllers/api/vacancies_controller.rb": [
        1,
        1,
        null,
        1,
        null,
        1,
        15,
        15,
        null,
        null,
        null,
        null
      ],
      "C:/work/employment_agency/app/controllers/home_controller.rb": [
        1,
        1,
        null,
        null,
        null
      ],
      "C:/work/employment_agency/app/models/applicant.rb": [
        null,
        null,
        null,
        null,
        null,
        null,
        null,
        null,
        null,
        null,
        null,
        null,
        null,
        null,
        1,
        1,
        null,
        1,
        1,
        1,
        null,
        1,
        1,
        1,
        1,
        1,
        null,
        23,
        23,
        null,
        1,
        1,
        null,
        null,
        1,
        10,
        null,
        null,
        1,
        10,
        null,
        null
      ],
      "C:/work/employment_agency/app/validators/russian_name_validator.rb": [
        1,
        1,
        121,
        12,
        null,
        null,
        null
      ],
      "C:/work/employment_agency/app/validators/phone_validator.rb": [
        1,
        1,
        216,
        2,
        null,
        null,
        null
      ],
      "C:/work/employment_agency/app/validators/email_validator.rb": [
        1,
        1,
        218,
        6,
        null,
        null,
        null
      ],
      "C:/work/employment_agency/app/models/skill.rb": [
        null,
        null,
        null,
        null,
        null,
        null,
        null,
        null,
        null,
        null,
        1,
        1,
        1,
        null,
        1,
        null
      ],
      "C:/work/employment_agency/app/models/vacancy.rb": [
        null,
        null,
        null,
        null,
        null,
        null,
        null,
        null,
        null,
        null,
        null,
        null,
        null,
        null,
        1,
        1,
        1,
        null,
        1,
        null,
        1,
        null,
        10,
        null,
        null,
        1,
        null,
        10,
        null,
        null,
        null,
        1,
        1,
        1,
        null,
        1,
        1,
        1,
        null,
        23,
        23,
        1,
        21,
        21,
        10,
        null,
        10,
        null,
        null,
        null,
        null,
        null,
        null,
        21,
        null,
        null
      ]
    },
    "timestamp": 1445508238
  }
}
